This is pdfTeX, Version 3.1415926-2.3-1.40.12 (TeX Live 2011) (format=mptopdf 2011.10.29)  11 JAN 2013 10:37
 restricted \write18 enabled.
 %&-line parsing enabled.
**\relax graph.2
 (./graph.2{/var/lib/texmf/fonts/map/pdftex/updmap/pdftex.map})
[1] 
Here is how much of TeX's memory you used:
 94 strings out of 496724
 703 string characters out of 3201533
 4016557 words of memory out of 7501796
 1738 multiletter control sequences out of 15000+200000
 923 words of font info for 3 fonts, out of 3000000 for 9000
 0 hyphenation exceptions out of 8191
 10i,3n,7p,113b,294s stack positions out of 5000i,500n,10000p,200000b,50000s
</usr/share/texmf/fonts/type1/public/amsfonts/cm/cmmi10.pfb></usr/share/texm
f/fonts/type1/public/amsfonts/cm/cmr10.pfb></usr/share/texmf/fonts/type1/public
/amsfonts/cm/cmsy10.pfb>
Output written on graph.pdf (1 page, 26393 bytes).
PDF statistics:
 20 PDF objects out of 1000 (max. 8388607)
 0 named destinations out of 1000 (max. 500000)
 7 words of extra memory for PDF output out of 10000 (max. 10000000)

