> d <- read.csv("ks.csv")
> 
> n = length(d$j)
> 
> d$kp <- d$j/n - d$x
> d$kplus <- sqrt(n) * d$kp
> d$km <- d$x - (d$j-1)/n
> d$kminus <- sqrt(n) * d$km
> 
> max(d$kplus)
[1] 1.836657
> max(d$kminus)
[1] 0.0012
> 
> d
  j       x        kp     kplus         km     kminus
1 1 0.00040 0.1107111 0.3321333  0.0004000  0.0012000
2 2 0.00398 0.2182422 0.6547267 -0.1071311 -0.3213933
3 3 0.00412 0.3292133 0.9876400 -0.2181022 -0.6543067
4 4 0.00741 0.4370344 1.3111033 -0.3259233 -0.9777700
5 5 0.03695 0.5186056 1.5558167 -0.4074944 -1.2224833
6 6 0.12173 0.5449367 1.6348100 -0.4338256 -1.3014767
7 7 0.20949 0.5682878 1.7048633 -0.4571767 -1.3715300
8 8 0.27667 0.6122189 1.8366567 -0.5011078 -1.5033233
9 9 0.43987 0.5601300 1.6803900 -0.4490189 -1.3470567
> 
